<?xml version="1.0" encoding="UTF-8"?>
<testsuite name="ru.nsu.martynov.ListGraphTest" tests="12" skipped="0" failures="0" errors="0" timestamp="2024-10-28T06:06:59" hostname="DESKTOP-3KNQGGT" time="0.027">
  <properties/>
  <testcase name="readFileTestNotExist()" classname="ru.nsu.martynov.ListGraphTest" time="0.003"/>
  <testcase name="readFileTestNotEnough()" classname="ru.nsu.martynov.ListGraphTest" time="0.002"/>
  <testcase name="printGraphTest()" classname="ru.nsu.martynov.ListGraphTest" time="0.006"/>
  <testcase name="addEdgeTest()" classname="ru.nsu.martynov.ListGraphTest" time="0.0"/>
  <testcase name="getNeighboursTest()" classname="ru.nsu.martynov.ListGraphTest" time="0.001"/>
  <testcase name="remEdgeTest()" classname="ru.nsu.martynov.ListGraphTest" time="0.001"/>
  <testcase name="addVertTest()" classname="ru.nsu.martynov.ListGraphTest" time="0.0"/>
  <testcase name="listTest()" classname="ru.nsu.martynov.ListGraphTest" time="0.001"/>
  <testcase name="readFileTestNoSize()" classname="ru.nsu.martynov.ListGraphTest" time="0.002"/>
  <testcase name="remVertTest()" classname="ru.nsu.martynov.ListGraphTest" time="0.001"/>
  <testcase name="readFileTest()" classname="ru.nsu.martynov.ListGraphTest" time="0.001"/>
  <testcase name="getVertCountTest()" classname="ru.nsu.martynov.ListGraphTest" time="0.001"/>
  <system-out><![CDATA[]]></system-out>
  <system-err><![CDATA[]]></system-err>
</testsuite>
