<?xml version="1.0" encoding="UTF-8"?>
<testsuite name="ru.nsu.martynov.GeneralTest" tests="2" skipped="0" failures="0" errors="0" timestamp="2024-10-28T06:06:59" hostname="DESKTOP-3KNQGGT" time="0.004">
  <properties/>
  <testcase name="test2()" classname="ru.nsu.martynov.GeneralTest" time="0.002"/>
  <testcase name="cmpTest()" classname="ru.nsu.martynov.GeneralTest" time="0.001"/>
  <system-out><![CDATA[]]></system-out>
  <system-err><![CDATA[]]></system-err>
</testsuite>
