<?xml version="1.0" encoding="UTF-8"?>
<testsuite name="ru.nsu.martynov.IncidenceTest" tests="14" skipped="0" failures="0" errors="0" timestamp="2024-10-28T06:06:59" hostname="DESKTOP-3KNQGGT" time="0.035">
  <properties/>
  <testcase name="matrixTest()" classname="ru.nsu.martynov.IncidenceTest" time="0.004"/>
  <testcase name="getEdgeCountTest()" classname="ru.nsu.martynov.IncidenceTest" time="0.0"/>
  <testcase name="printGraphTest()" classname="ru.nsu.martynov.IncidenceTest" time="0.002"/>
  <testcase name="readFileTestBad0()" classname="ru.nsu.martynov.IncidenceTest" time="0.001"/>
  <testcase name="readFileTestBad1()" classname="ru.nsu.martynov.IncidenceTest" time="0.002"/>
  <testcase name="readFileTestBad2()" classname="ru.nsu.martynov.IncidenceTest" time="0.002"/>
  <testcase name="readFileTestBad3()" classname="ru.nsu.martynov.IncidenceTest" time="0.003"/>
  <testcase name="addEdgeTest()" classname="ru.nsu.martynov.IncidenceTest" time="0.0"/>
  <testcase name="getNeighboursTest()" classname="ru.nsu.martynov.IncidenceTest" time="0.004"/>
  <testcase name="remEdgeTest()" classname="ru.nsu.martynov.IncidenceTest" time="0.001"/>
  <testcase name="addVertTest()" classname="ru.nsu.martynov.IncidenceTest" time="0.0"/>
  <testcase name="remVertTest()" classname="ru.nsu.martynov.IncidenceTest" time="0.001"/>
  <testcase name="readFileTest()" classname="ru.nsu.martynov.IncidenceTest" time="0.003"/>
  <testcase name="getVertCountTest()" classname="ru.nsu.martynov.IncidenceTest" time="0.001"/>
  <system-out><![CDATA[]]></system-out>
  <system-err><![CDATA[]]></system-err>
</testsuite>
