<?xml version="1.0" encoding="UTF-8"?>
<testsuite name="ru.nsu.martynov.TestPrimes" tests="3" skipped="0" failures="0" errors="0" timestamp="2025-02-21T08:23:06" hostname="DESKTOP-3KNQGGT" time="41.661">
  <properties/>
  <testcase name="hasCompositeNumber_1_10()" classname="ru.nsu.martynov.TestPrimes" time="0.05"/>
  <testcase name="hasCompositeNumber_bigArray()" classname="ru.nsu.martynov.TestPrimes" time="41.607"/>
  <testcase name="hasCompositeNumber_onlyPrimes()" classname="ru.nsu.martynov.TestPrimes" time="0.002"/>
  <system-out><![CDATA[Array's length: 10kk
Lets calc!
50034900
1220224300
51823800 
1046832300 
1408606200 
1624933000 
1682852600 
1697449800 
1553405500 
1471523800 
1481362700 
1441145100 
1418788000 
1411068200 
1358552500 
1323069800 
1289095400 
1262311400 
1270961500 
1236489200 
1246372000 
1247261200 
1238356400 
1236177700 
1244939200 
1231758500 
1242278600 
1251407900 
1236152800 
1251609300 
1288748700 
1228231600 
1247606800 
]]></system-out>
  <system-err><![CDATA[]]></system-err>
</testsuite>
