<?xml version="1.0" encoding="UTF-8"?>
<testsuite name="ru.nsu.martynov.NumberTest" tests="10" skipped="0" failures="0" errors="0" timestamp="2024-10-24T20:12:04" hostname="DESKTOP-3KNQGGT" time="0.014">
  <properties/>
  <testcase name="print1()" classname="ru.nsu.martynov.NumberTest" time="0.001"/>
  <testcase name="print2()" classname="ru.nsu.martynov.NumberTest" time="0.001"/>
  <testcase name="print3()" classname="ru.nsu.martynov.NumberTest" time="0.001"/>
  <testcase name="eval1()" classname="ru.nsu.martynov.NumberTest" time="0.001"/>
  <testcase name="eval2()" classname="ru.nsu.martynov.NumberTest" time="0.001"/>
  <testcase name="eval3()" classname="ru.nsu.martynov.NumberTest" time="0.001"/>
  <testcase name="eval4()" classname="ru.nsu.martynov.NumberTest" time="0.001"/>
  <testcase name="derivative1()" classname="ru.nsu.martynov.NumberTest" time="0.0"/>
  <testcase name="derivative2()" classname="ru.nsu.martynov.NumberTest" time="0.001"/>
  <testcase name="derivative3()" classname="ru.nsu.martynov.NumberTest" time="0.001"/>
  <system-out><![CDATA[]]></system-out>
  <system-err><![CDATA[]]></system-err>
</testsuite>
