<?xml version="1.0" encoding="UTF-8"?>
<testsuite name="ru.nsu.martynov.AddTest" tests="17" skipped="0" failures="0" errors="0" timestamp="2024-10-24T20:12:04" hostname="DESKTOP-3KNQGGT" time="0.081">
  <properties/>
  <testcase name="printVar1()" classname="ru.nsu.martynov.AddTest" time="0.044"/>
  <testcase name="printVar2()" classname="ru.nsu.martynov.AddTest" time="0.001"/>
  <testcase name="printVar3()" classname="ru.nsu.martynov.AddTest" time="0.002"/>
  <testcase name="printVar4()" classname="ru.nsu.martynov.AddTest" time="0.002"/>
  <testcase name="printNumsVars1()" classname="ru.nsu.martynov.AddTest" time="0.001"/>
  <testcase name="printNums1()" classname="ru.nsu.martynov.AddTest" time="0.001"/>
  <testcase name="printNums2()" classname="ru.nsu.martynov.AddTest" time="0.001"/>
  <testcase name="printNums3()" classname="ru.nsu.martynov.AddTest" time="0.001"/>
  <testcase name="printNums4()" classname="ru.nsu.martynov.AddTest" time="0.001"/>
  <testcase name="printNums5()" classname="ru.nsu.martynov.AddTest" time="0.001"/>
  <testcase name="evalBad1()" classname="ru.nsu.martynov.AddTest" time="0.011"/>
  <testcase name="evalBad2()" classname="ru.nsu.martynov.AddTest" time="0.0"/>
  <testcase name="evalGood1()" classname="ru.nsu.martynov.AddTest" time="0.0"/>
  <testcase name="evalGood2()" classname="ru.nsu.martynov.AddTest" time="0.0"/>
  <testcase name="derivative1()" classname="ru.nsu.martynov.AddTest" time="0.0"/>
  <testcase name="derivative2()" classname="ru.nsu.martynov.AddTest" time="0.0"/>
  <testcase name="derivative3()" classname="ru.nsu.martynov.AddTest" time="0.001"/>
  <system-out><![CDATA[]]></system-out>
  <system-err><![CDATA[Number format exception: 1a
]]></system-err>
</testsuite>
