<?xml version="1.0" encoding="UTF-8"?>
<testsuite name="ru.nsu.martynov.ParserTest" tests="7" skipped="0" failures="0" errors="0" timestamp="2024-10-24T20:12:04" hostname="DESKTOP-3KNQGGT" time="0.012">
  <properties/>
  <testcase name="parserTestBad1()" classname="ru.nsu.martynov.ParserTest" time="0.001"/>
  <testcase name="parserTestBad2()" classname="ru.nsu.martynov.ParserTest" time="0.001"/>
  <testcase name="parserTestEmptyVarOrNumber2()" classname="ru.nsu.martynov.ParserTest" time="0.001"/>
  <testcase name="parserTestExtraBracket()" classname="ru.nsu.martynov.ParserTest" time="0.003"/>
  <testcase name="parserTestEmpty()" classname="ru.nsu.martynov.ParserTest" time="0.001"/>
  <testcase name="parserTestGood1()" classname="ru.nsu.martynov.ParserTest" time="0.001"/>
  <testcase name="parserTestEmptyVarOrNumber()" classname="ru.nsu.martynov.ParserTest" time="0.001"/>
  <system-out><![CDATA[]]></system-out>
  <system-err><![CDATA[]]></system-err>
</testsuite>
