<?xml version="1.0" encoding="UTF-8"?>
<testsuite name="ru.nsu.martynov.LongTest" tests="7" skipped="0" failures="0" errors="0" timestamp="2024-10-24T20:12:04" hostname="DESKTOP-3KNQGGT" time="0.01">
  <properties/>
  <testcase name="printNumsVars()" classname="ru.nsu.martynov.LongTest" time="0.001"/>
  <testcase name="printNums()" classname="ru.nsu.martynov.LongTest" time="0.0"/>
  <testcase name="evalEmptyVar()" classname="ru.nsu.martynov.LongTest" time="0.001"/>
  <testcase name="evalEmptyExpression()" classname="ru.nsu.martynov.LongTest" time="0.001"/>
  <testcase name="evalEmpty()" classname="ru.nsu.martynov.LongTest" time="0.001"/>
  <testcase name="evalGood1()" classname="ru.nsu.martynov.LongTest" time="0.001"/>
  <testcase name="derivative1()" classname="ru.nsu.martynov.LongTest" time="0.001"/>
  <system-out><![CDATA[]]></system-out>
  <system-err><![CDATA[]]></system-err>
</testsuite>
