<?xml version="1.0" encoding="UTF-8"?>
<testsuite name="ru.nsu.martynov.SubstringFinderTest" tests="3" skipped="0" failures="0" errors="0" timestamp="2024-11-11T05:12:02" hostname="DESKTOP-3KNQGGT" time="0.01">
  <properties/>
  <testcase name="findTestEmpty()" classname="ru.nsu.martynov.SubstringFinderTest" time="0.004"/>
  <testcase name="findTestYes()" classname="ru.nsu.martynov.SubstringFinderTest" time="0.003"/>
  <testcase name="findTestNo()" classname="ru.nsu.martynov.SubstringFinderTest" time="0.001"/>
  <system-out><![CDATA[]]></system-out>
  <system-err><![CDATA[]]></system-err>
</testsuite>
