<?xml version="1.0" encoding="UTF-8"?>
<testsuite name="ru.nsu.martynov.PairTest" tests="7" skipped="0" failures="0" errors="0" timestamp="2024-11-11T05:12:02" hostname="DESKTOP-3KNQGGT" time="0.094">
  <properties/>
  <testcase name="constructorTest()" classname="ru.nsu.martynov.PairTest" time="0.063"/>
  <testcase name="equalsNullTest()" classname="ru.nsu.martynov.PairTest" time="0.006"/>
  <testcase name="equalsEqualObjectsTest()" classname="ru.nsu.martynov.PairTest" time="0.003"/>
  <testcase name="equalsDifferentClassTest()" classname="ru.nsu.martynov.PairTest" time="0.002"/>
  <testcase name="toStringTest()" classname="ru.nsu.martynov.PairTest" time="0.008"/>
  <testcase name="equalsDifferentObjectsTest()" classname="ru.nsu.martynov.PairTest" time="0.001"/>
  <testcase name="equalsSameObjectTest()" classname="ru.nsu.martynov.PairTest" time="0.001"/>
  <system-out><![CDATA[]]></system-out>
  <system-err><![CDATA[]]></system-err>
</testsuite>
