<?xml version="1.0" encoding="UTF-8"?>
<testsuite name="ru.nsu.martynov.SubstringFinderTest" tests="3" skipped="0" failures="0" errors="0" timestamp="2024-11-07T17:38:27" hostname="DESKTOP-3KNQGGT" time="0.006">
  <properties/>
  <testcase name="findTestEmpty()" classname="ru.nsu.martynov.SubstringFinderTest" time="0.001"/>
  <testcase name="findTestYes()" classname="ru.nsu.martynov.SubstringFinderTest" time="0.002"/>
  <testcase name="findTestNo()" classname="ru.nsu.martynov.SubstringFinderTest" time="0.001"/>
  <system-out><![CDATA[]]></system-out>
  <system-err><![CDATA[]]></system-err>
</testsuite>
